[ 2025-03-13 20:24:59,576 ] 1025 httpx - INFO - HTTP Request: GET https://dagshub.com/api/v1/user "HTTP/1.1 200 OK"
[ 2025-03-13 20:24:59,642 ] 107 dagshub - INFO - Accessing as NairDeepesh
[ 2025-03-13 20:25:01,341 ] 1025 httpx - INFO - HTTP Request: GET https://dagshub.com/api/v1/repos/NairDeepesh/networksecurity "HTTP/1.1 200 OK"
[ 2025-03-13 20:25:02,883 ] 1025 httpx - INFO - HTTP Request: GET https://dagshub.com/api/v1/user "HTTP/1.1 200 OK"
[ 2025-03-13 20:25:02,888 ] 107 dagshub - INFO - Initialized MLflow to track repo "NairDeepesh/networksecurity"
[ 2025-03-13 20:25:02,889 ] 107 dagshub - INFO - Repository NairDeepesh/networksecurity initialized!
[ 2025-03-13 20:25:02,889 ] 20 root - INFO - Initiate the data ingestion
[ 2025-03-13 20:25:09,789 ] 66 root - INFO - Performed train test split on the dataframe
[ 2025-03-13 20:25:09,789 ] 68 root - INFO - Exited split_data_as_train_test method of Data_Ingestion class
[ 2025-03-13 20:25:09,789 ] 76 root - INFO - Exporting train and test file path.
[ 2025-03-13 20:25:09,821 ] 85 root - INFO - Exported train and test file path.
[ 2025-03-13 20:25:09,821 ] 22 root - INFO - Data Ingestion Completed
[ 2025-03-13 20:25:09,824 ] 26 root - INFO - Initiate the data Validation
[ 2025-03-13 20:25:09,834 ] 32 root - INFO - Required number of columns:2
[ 2025-03-13 20:25:09,834 ] 33 root - INFO - Data frame has columns:31
[ 2025-03-13 20:25:09,834 ] 32 root - INFO - Required number of columns:2
[ 2025-03-13 20:25:09,834 ] 33 root - INFO - Data frame has columns:31
[ 2025-03-13 20:25:09,917 ] 28 root - INFO - data Validation Completed
[ 2025-03-13 20:25:09,917 ] 31 root - INFO - data Transformation started
[ 2025-03-13 20:25:09,917 ] 63 root - INFO - Entered initiate_data_transformation method of DataTransformation class
[ 2025-03-13 20:25:09,917 ] 65 root - INFO - Starting data transformation
[ 2025-03-13 20:25:09,927 ] 48 root - INFO - Entered get_data_transformer_object method of Transformation class
[ 2025-03-13 20:25:09,927 ] 53 root - INFO - Initialise KNNImputer with {'missing_values': nan, 'n_neighbors': 3, 'weights': 'uniform'}
[ 2025-03-13 20:25:09,931 ] 46 root - INFO - Entered the save_object method of MainUtils class
[ 2025-03-13 20:25:09,931 ] 50 root - INFO - Exited the save_object method of MainUtils class
[ 2025-03-13 20:25:09,932 ] 35 root - INFO - data Transformation completed
[ 2025-03-13 20:25:09,932 ] 37 root - INFO - Model Training stared
[ 2025-03-13 20:27:56,502 ] 46 root - INFO - Entered the save_object method of MainUtils class
[ 2025-03-13 20:27:56,503 ] 50 root - INFO - Exited the save_object method of MainUtils class
[ 2025-03-13 20:27:56,504 ] 134 root - INFO - Model trainer artifact: ModelTrainerArtifact(trained_model_file_path='Artifacts/03_13_2025_20_24_57/model_trainer/trained_model/model.pkl', train_metric_artifact=ClassificationMetricArtifact(f1_score=0.9912778904665315, precision_score=0.9892712550607288, recall_score=0.9932926829268293), test_metric_artifact=ClassificationMetricArtifact(f1_score=0.9718423169750603, precision_score=0.967173738991193, recall_score=0.9765561843168957))
[ 2025-03-13 20:27:56,507 ] 42 root - INFO - Model Training artifact created
